<?xml version="1.0" encoding="UTF-8"?>
<testng-results ignored="0" total="1" passed="1" failed="0" skipped="0">
  <reporter-output>
  </reporter-output>
  <suite started-at="2022-05-10T22:18:28 IST" name="Suite" finished-at="2022-05-10T22:18:44 IST" duration-ms="15906">
    <groups>
    </groups>
    <test started-at="2022-05-10T22:18:28 IST" name="Test" finished-at="2022-05-10T22:18:44 IST" duration-ms="15906">
      <class name="com.tests.FilpKartTest">
        <test-method is-config="true" signature="setup()[pri:0, instance:com.tests.FilpKartTest@1622f1b]" started-at="2022-05-10T22:18:28 IST" name="setup" finished-at="2022-05-10T22:18:30 IST" duration-ms="2006" status="PASS">
          <reporter-output>
          </reporter-output>
        </test-method> <!-- setup -->
        <test-method signature="flipkartSearchTest()[pri:0, instance:com.tests.FilpKartTest@1622f1b]" started-at="2022-05-10T22:18:30 IST" name="flipkartSearchTest" finished-at="2022-05-10T22:18:43 IST" duration-ms="13108" status="PASS">
          <reporter-output>
          </reporter-output>
        </test-method> <!-- flipkartSearchTest -->
        <test-method is-config="true" signature="tearDown()[pri:0, instance:com.tests.FilpKartTest@1622f1b]" started-at="2022-05-10T22:18:43 IST" name="tearDown" finished-at="2022-05-10T22:18:44 IST" duration-ms="759" status="PASS">
          <reporter-output>
          </reporter-output>
        </test-method> <!-- tearDown -->
      </class> <!-- com.tests.FilpKartTest -->
    </test> <!-- Test -->
  </suite> <!-- Suite -->
</testng-results>
